<?xml version="1.0" encoding="UTF-8" ?>
<testsuite tests="6" failures="0" name="com.uludag.iot.vylinkedlist.VYLinkedListInterfaceTest" time="0.063" errors="0" skipped="0">
  <properties>
[...]
</properties>
  <testcase classname="com.uludag.iot.vylinkedlist.VYLinkedListInterfaceTest" name="testRemove_Object" time="0"/>
  <testcase classname="com.uludag.iot.vylinkedlist.VYLinkedListInterfaceTest" name="testAdd" time="0"/>
  <testcase classname="com.uludag.iot.vylinkedlist.VYLinkedListInterfaceTest" name="testToString" time="0"/>
  <testcase classname="com.uludag.iot.vylinkedlist.VYLinkedListInterfaceTest" name="testRemove_int" time="0"/>
  <testcase classname="com.uludag.iot.vylinkedlist.VYLinkedListInterfaceTest" name="testGetLength" time="0"/>
  <testcase classname="com.uludag.iot.vylinkedlist.VYLinkedListInterfaceTest" name="testIsEmpty" time="0"/>
</testsuite>